# JRE version: Java(TM) SE Runtime Environment (8.0_281-b09) (build 1.8.0_281-b09)
# Java VM: Java HotSpot(TM) 64-Bit Server VM (25.281-b09 mixed mode windows-amd64 compressed oops)
Heap:
 PSYoungGen      total 138240K, used 97308K [0x00000000d5f00000, 0x00000000e2d80000, 0x0000000100000000)
  eden space 131072K, 74% used [0x00000000d5f00000,0x00000000dbe07270,0x00000000ddf00000)
  from space 7168K, 0% used [0x00000000de980000,0x00000000de980000,0x00000000df080000)
  to   space 10752K, 0% used [0x00000000ddf00000,0x00000000ddf00000,0x00000000de980000)
 ParOldGen       total 78336K, used 12654K [0x0000000081c00000, 0x0000000086880000, 0x00000000d5f00000)
  object space 78336K, 16% used [0x0000000081c00000,0x000000008285b868,0x0000000086880000)
 Metaspace       used 35812K, capacity 38222K, committed 38312K, reserved 1083392K
  class space    used 4584K, capacity 5007K, committed 5040K, reserved 1048576K
GC Heap History (10 events):
Event: 3.066 GC heap before
{Heap before GC invocations=6 (full 1):
 PSYoungGen      total 71680K, used 5092K [0x00000000d5f00000, 0x00000000df200000, 0x0000000100000000)
  eden space 66560K, 0% used [0x00000000d5f00000,0x00000000d5f00000,0x00000000da000000)
  from space 5120K, 99% used [0x00000000da000000,0x00000000da4f9368,0x00000000da500000)
  to   space 8704K, 0% used [0x00000000de980000,0x00000000de980000,0x00000000df200000)
 ParOldGen       total 87552K, used 4381K [0x0000000081c00000, 0x0000000087180000, 0x00000000d5f00000)
  object space 87552K, 5% used [0x0000000081c00000,0x00000000820474c0,0x0000000087180000)
 Metaspace       used 19723K, capacity 21228K, committed 21296K, reserved 1067008K
  class space    used 2540K, capacity 2838K, committed 2864K, reserved 1048576K
Event: 3.090 GC heap after
Heap after GC invocations=6 (full 1):
 PSYoungGen      total 71680K, used 0K [0x00000000d5f00000, 0x00000000df200000, 0x0000000100000000)
  eden space 66560K, 0% used [0x00000000d5f00000,0x00000000d5f00000,0x00000000da000000)
  from space 5120K, 0% used [0x00000000da000000,0x00000000da000000,0x00000000da500000)
  to   space 8704K, 0% used [0x00000000de980000,0x00000000de980000,0x00000000df200000)
 ParOldGen       total 52224K, used 6916K [0x0000000081c00000, 0x0000000084f00000, 0x00000000d5f00000)
  object space 52224K, 13% used [0x0000000081c00000,0x00000000822c13e8,0x0000000084f00000)
 Metaspace       used 19723K, capacity 21228K, committed 21296K, reserved 1067008K
  class space    used 2540K, capacity 2838K, committed 2864K, reserved 1048576K
}
Event: 3.568 GC heap before
{Heap before GC invocations=7 (full 1):
 PSYoungGen      total 71680K, used 66560K [0x00000000d5f00000, 0x00000000df200000, 0x0000000100000000)
  eden space 66560K, 100% used [0x00000000d5f00000,0x00000000da000000,0x00000000da000000)
  from space 5120K, 0% used [0x00000000da000000,0x00000000da000000,0x00000000da500000)
  to   space 8704K, 0% used [0x00000000de980000,0x00000000de980000,0x00000000df200000)
 ParOldGen       total 52224K, used 6916K [0x0000000081c00000, 0x0000000084f00000, 0x00000000d5f00000)
  object space 52224K, 13% used [0x0000000081c00000,0x00000000822c13e8,0x0000000084f00000)
 Metaspace       used 24015K, capacity 25804K, committed 26160K, reserved 1071104K
  class space    used 3146K, capacity 3512K, committed 3632K, reserved 1048576K
Event: 3.574 GC heap after
Heap after GC invocations=7 (full 1):
 PSYoungGen      total 121344K, used 6737K [0x00000000d5f00000, 0x00000000df080000, 0x0000000100000000)
  eden space 114176K, 0% used [0x00000000d5f00000,0x00000000d5f00000,0x00000000dce80000)
  from space 7168K, 93% used [0x00000000de980000,0x00000000df0146d8,0x00000000df080000)
  to   space 8704K, 0% used [0x00000000ddf80000,0x00000000ddf80000,0x00000000de800000)
 ParOldGen       total 52224K, used 6924K [0x0000000081c00000, 0x0000000084f00000, 0x00000000d5f00000)
  object space 52224K, 13% used [0x0000000081c00000,0x00000000822c33e8,0x0000000084f00000)
 Metaspace       used 24015K, capacity 25804K, committed 26160K, reserved 1071104K
  class space    used 3146K, capacity 3512K, committed 3632K, reserved 1048576K
}
Event: 4.785 GC heap before
{Heap before GC invocations=8 (full 1):
 PSYoungGen      total 121344K, used 120913K [0x00000000d5f00000, 0x00000000df080000, 0x0000000100000000)
  eden space 114176K, 100% used [0x00000000d5f00000,0x00000000dce80000,0x00000000dce80000)
  from space 7168K, 93% used [0x00000000de980000,0x00000000df0146d8,0x00000000df080000)
  to   space 8704K, 0% used [0x00000000ddf80000,0x00000000ddf80000,0x00000000de800000)
 ParOldGen       total 52224K, used 6924K [0x0000000081c00000, 0x0000000084f00000, 0x00000000d5f00000)
  object space 52224K, 13% used [0x0000000081c00000,0x00000000822c33e8,0x0000000084f00000)
 Metaspace       used 29807K, capacity 31918K, committed 32176K, reserved 1077248K
  class space    used 3852K, capacity 4261K, committed 4272K, reserved 1048576K
Event: 4.795 GC heap after
Heap after GC invocations=8 (full 1):
 PSYoungGen      total 122880K, used 8695K [0x00000000d5f00000, 0x00000000df080000, 0x0000000100000000)
  eden space 114176K, 0% used [0x00000000d5f00000,0x00000000d5f00000,0x00000000dce80000)
  from space 8704K, 99% used [0x00000000ddf80000,0x00000000de7fdde0,0x00000000de800000)
  to   space 7168K, 0% used [0x00000000de980000,0x00000000de980000,0x00000000df080000)
 ParOldGen       total 52224K, used 8001K [0x0000000081c00000, 0x0000000084f00000, 0x00000000d5f00000)
  object space 52224K, 15% used [0x0000000081c00000,0x00000000823d0760,0x0000000084f00000)
 Metaspace       used 29807K, capacity 31918K, committed 32176K, reserved 1077248K
  class space    used 3852K, capacity 4261K, committed 4272K, reserved 1048576K
}
Event: 5.277 GC heap before
{Heap before GC invocations=9 (full 1):
 PSYoungGen      total 122880K, used 55580K [0x00000000d5f00000, 0x00000000df080000, 0x0000000100000000)
  eden space 114176K, 41% used [0x00000000d5f00000,0x00000000d8cc9288,0x00000000dce80000)
  from space 8704K, 99% used [0x00000000ddf80000,0x00000000de7fdde0,0x00000000de800000)
  to   space 7168K, 0% used [0x00000000de980000,0x00000000de980000,0x00000000df080000)
 ParOldGen       total 52224K, used 8001K [0x0000000081c00000, 0x0000000084f00000, 0x00000000d5f00000)
  object space 52224K, 15% used [0x0000000081c00000,0x00000000823d0760,0x0000000084f00000)
 Metaspace       used 33254K, capacity 35408K, committed 35496K, reserved 1079296K
  class space    used 4346K, capacity 4748K, committed 4784K, reserved 1048576K
Event: 5.282 GC heap after
Heap after GC invocations=9 (full 1):
 PSYoungGen      total 138240K, used 7151K [0x00000000d5f00000, 0x00000000e2d80000, 0x0000000100000000)
  eden space 131072K, 0% used [0x00000000d5f00000,0x00000000d5f00000,0x00000000ddf00000)
  from space 7168K, 99% used [0x00000000de980000,0x00000000df07bc10,0x00000000df080000)
  to   space 10752K, 0% used [0x00000000ddf00000,0x00000000ddf00000,0x00000000de980000)
 ParOldGen       total 52224K, used 8990K [0x0000000081c00000, 0x0000000084f00000, 0x00000000d5f00000)
  object space 52224K, 17% used [0x0000000081c00000,0x00000000824c78c8,0x0000000084f00000)
 Metaspace       used 33254K, capacity 35408K, committed 35496K, reserved 1079296K
  class space    used 4346K, capacity 4748K, committed 4784K, reserved 1048576K
}
Event: 5.282 GC heap before
{Heap before GC invocations=10 (full 2):
 PSYoungGen      total 138240K, used 7151K [0x00000000d5f00000, 0x00000000e2d80000, 0x0000000100000000)
  eden space 131072K, 0% used [0x00000000d5f00000,0x00000000d5f00000,0x00000000ddf00000)
  from space 7168K, 99% used [0x00000000de980000,0x00000000df07bc10,0x00000000df080000)
  to   space 10752K, 0% used [0x00000000ddf00000,0x00000000ddf00000,0x00000000de980000)
 ParOldGen       total 52224K, used 8990K [0x0000000081c00000, 0x0000000084f00000, 0x00000000d5f00000)
  object space 52224K, 17% used [0x0000000081c00000,0x00000000824c78c8,0x0000000084f00000)
 Metaspace       used 33254K, capacity 35408K, committed 35496K, reserved 1079296K
  class space    used 4346K, capacity 4748K, committed 4784K, reserved 1048576K
Event: 5.326 GC heap after
Heap after GC invocations=10 (full 2):
 PSYoungGen      total 138240K, used 0K [0x00000000d5f00000, 0x00000000e2d80000, 0x0000000100000000)
  eden space 131072K, 0% used [0x00000000d5f00000,0x00000000d5f00000,0x00000000ddf00000)
  from space 7168K, 0% used [0x00000000de980000,0x00000000de980000,0x00000000df080000)
  to   space 10752K, 0% used [0x00000000ddf00000,0x00000000ddf00000,0x00000000de980000)
 ParOldGen       total 78336K, used 12654K [0x0000000081c00000, 0x0000000086880000, 0x00000000d5f00000)
  object space 78336K, 16% used [0x0000000081c00000,0x000000008285b868,0x0000000086880000)
 Metaspace       used 33254K, capacity 35408K, committed 35496K, reserved 1079296K
  class space    used 4346K, capacity 4748K, committed 4784K, reserved 1048576K
}

